{"name": "test_6AddToCart", "status": "failed", "statusDetails": {"message": "AssertionError", "trace": "self = <pages.AddcartPage.AddtocartPageTest object at 0x000001247FF54EB0>, locatorValue = 'Proceed to Buy (1 item)', locatorType = 'text'\n\n    def getElement(self, locatorValue, locatorType=\"id\"):\n        element = None\n        try:\n            locatorType = locatorType.lower()\n>           element = self.waitForElement(locatorValue, locatorType)\n\n..\\base\\BasePage.py:53: \n_ _ _ _ _ _ _ _ _ _ _ _ _ _ _ _ _ _ _ _ _ _ _ _ _ _ _ _ _ _ _ _ _ _ _ _ _ _ _ _ _ _ _ _ _ _ _ _ _ _ _ _ _ _ _ _ _ _ _ _ _ _ _ _ _ _ _ _ _ _ _ _ _ _ _ _ _ \n\nself = <pages.AddcartPage.AddtocartPageTest object at 0x000001247FF54EB0>, locatorvalue = 'Proceed to Buy (1 item)', locatorType = 'text'\n\n    def waitForElement(self, locatorvalue, locatorType):\n        locatorType = locatorType.lower()\n        element = None\n        wait = WebDriverWait(self.driver, 25, poll_frequency=1,\n                             ignored_exceptions=[ElementNotVisibleException, ElementNotSelectableException,\n                                                 NoSuchElementException])\n        if locatorType == \"id\":\n            element = wait.until(lambda x: x.find_element(AppiumBy.ID, locatorvalue))\n            return element\n        elif locatorType == \"class\":\n            element = wait.until(lambda x: x.find_element(AppiumBy.CLASS_NAME, locatorvalue))\n            return element\n        elif locatorType == \"des\":\n            element = wait.until(\n                lambda x: x.find_element(AppiumBy.ANDROID_UIAUTOMATOR,\n                                         'UiSelector().description(\"%s\")' % (locatorvalue)))\n            return element\n        elif locatorType == \"index\":\n            element = wait.until(\n                lambda x: x.find_element(AppiumBy.ANDROID_UIAUTOMATOR, \"UiSelector().index(%d)\" % int(locatorvalue)))\n            return element\n        elif locatorType == \"text\":\n>           element = wait.until(lambda x: x.find_element(AppiumBy.ANDROID_UIAUTOMATOR, 'text(\"%s\")' % locatorvalue))\n\n..\\base\\BasePage.py:39: \n_ _ _ _ _ _ _ _ _ _ _ _ _ _ _ _ _ _ _ _ _ _ _ _ _ _ _ _ _ _ _ _ _ _ _ _ _ _ _ _ _ _ _ _ _ _ _ _ _ _ _ _ _ _ _ _ _ _ _ _ _ _ _ _ _ _ _ _ _ _ _ _ _ _ _ _ _ \n\nself = <selenium.webdriver.support.wait.WebDriverWait (session=\"fda8b49e-d356-4f5b-b7bf-9da7e6d8351b\")>\nmethod = <function BasePage.waitForElement.<locals>.<lambda> at 0x000001247FF530D0>, message = ''\n\n    def until(self, method, message=''):\n        \"\"\"Calls the method provided with the driver as an argument until the \\\n        return value does not evaluate to ``False``.\n    \n        :param method: callable(WebDriver)\n        :param message: optional message for :exc:`TimeoutException`\n        :returns: the result of the last call to `method`\n        :raises: :exc:`selenium.common.exceptions.TimeoutException` if timeout occurs\n        \"\"\"\n        screen = None\n        stacktrace = None\n    \n        end_time = time.monotonic() + self._timeout\n        while True:\n            try:\n                value = method(self._driver)\n                if value:\n                    return value\n            except self._ignored_exceptions as exc:\n                screen = getattr(exc, 'screen', None)\n                stacktrace = getattr(exc, 'stacktrace', None)\n            time.sleep(self._poll)\n            if time.monotonic() > end_time:\n                break\n>       raise TimeoutException(message, screen, stacktrace)\nE       selenium.common.exceptions.TimeoutException: Message: \nE       Stacktrace:\nE       NoSuchElementError: An element could not be located on the page using the given search parameters.\nE           at AndroidUiautomator2Driver.findElOrEls (C:\\Program Files\\Appium Server GUI\\resources\\app\\node_modules\\appium\\node_modules\\appium-android-driver\\lib\\commands\\find.js:75:11)\nE           at runMicrotasks (<anonymous>)\nE           at processTicksAndRejections (internal/process/task_queues.js:85:5)\n\n..\\venv\\lib\\site-packages\\selenium\\webdriver\\support\\wait.py:87: TimeoutException\n\nDuring handling of the above exception, another exception occurred:\n\nself = <pages.AddcartPage.AddtocartPageTest object at 0x000001247FF54EB0>, locatorValue = 'Proceed to Buy (1 item)', locatorType = 'text'\n\n    def clickElement(self, locatorValue, locatorType=\"id\"):\n        element = None\n        try:\n            locatorType = locatorType.lower()\n>           element = self.getElement(locatorValue, locatorType)\n\n..\\base\\BasePage.py:66: \n_ _ _ _ _ _ _ _ _ _ _ _ _ _ _ _ _ _ _ _ _ _ _ _ _ _ _ _ _ _ _ _ _ _ _ _ _ _ _ _ _ _ _ _ _ _ _ _ _ _ _ _ _ _ _ _ _ _ _ _ _ _ _ _ _ _ _ _ _ _ _ _ _ _ _ _ _ \n\nself = <pages.AddcartPage.AddtocartPageTest object at 0x000001247FF54EB0>, locatorValue = 'Proceed to Buy (1 item)', locatorType = 'text'\n\n    def getElement(self, locatorValue, locatorType=\"id\"):\n        element = None\n        try:\n            locatorType = locatorType.lower()\n            element = self.waitForElement(locatorValue, locatorType)\n            self.log.info(\"Element found with LocatorType: \" + locatorType + \" with the locatorValue :\" + locatorValue)\n        except:\n            self.log.info(\n                \"Element not found with LocatorType: \" + locatorType + \" and with the locatorValue :\" + locatorValue)\n            self.takeScreenshot(locatorType)\n>           assert False\nE           AssertionError\n\n..\\base\\BasePage.py:59: AssertionError\n\nDuring handling of the above exception, another exception occurred:\n\nself = <tests.EndtoEndTest.EndtoEndTest testMethod=test_6AddToCart>\n\n    @pytest.mark.run(order=6)\n    def test_6AddToCart(self):\n        self.ad.clickaddtocartButton()\n        self.ad.clickcartButton()\n>       self.ad.clickprocessbuyButton()\n\nEndtoEndTest.py:66: \n_ _ _ _ _ _ _ _ _ _ _ _ _ _ _ _ _ _ _ _ _ _ _ _ _ _ _ _ _ _ _ _ _ _ _ _ _ _ _ _ _ _ _ _ _ _ _ _ _ _ _ _ _ _ _ _ _ _ _ _ _ _ _ _ _ _ _ _ _ _ _ _ _ _ _ _ _ \n..\\pages\\AddcartPage.py:25: in clickprocessbuyButton\n    self.clickElement(self._proceedbuyButton,\"text\")\n_ _ _ _ _ _ _ _ _ _ _ _ _ _ _ _ _ _ _ _ _ _ _ _ _ _ _ _ _ _ _ _ _ _ _ _ _ _ _ _ _ _ _ _ _ _ _ _ _ _ _ _ _ _ _ _ _ _ _ _ _ _ _ _ _ _ _ _ _ _ _ _ _ _ _ _ _ \n\nself = <pages.AddcartPage.AddtocartPageTest object at 0x000001247FF54EB0>, locatorValue = 'Proceed to Buy (1 item)', locatorType = 'text'\n\n    def clickElement(self, locatorValue, locatorType=\"id\"):\n        element = None\n        try:\n            locatorType = locatorType.lower()\n            element = self.getElement(locatorValue, locatorType)\n            element.click()\n            self.log.info(\n                \"Clicked on Element with LocatorType: \" + locatorType + \" and with the locatorValue :\" + locatorValue)\n        except:\n            self.log.info(\n                \"Unable to click on Element with LocatorType: \" + locatorType + \" and with the locatorValue :\" + locatorValue)\n            self.takeScreenshot(locatorType)\n>           assert False\nE           AssertionError\n\n..\\base\\BasePage.py:74: AssertionError"}, "steps": [{"name": "Click addtocard button", "status": "passed", "start": 1653734362958, "stop": 1653734362958}, {"name": "click cart Button", "status": "passed", "start": 1653734369705, "stop": 1653734369705}], "attachments": [{"name": "text", "source": "8184bbd9-ad3f-493b-bf7d-b47797c60bc9-attachment.png", "type": "image/png"}, {"name": "text", "source": "b1926560-a429-461f-acc7-ae0e4bc637d6-attachment.png", "type": "image/png"}, {"name": "log", "source": "1388d7ac-6c16-4ea8-871e-268f66fba171-attachment.txt", "type": "text/plain"}, {"name": "stdout", "source": "6e2585e1-5106-4c6c-8c94-cd74029b9224-attachment.txt", "type": "text/plain"}], "start": 1653734362772, "stop": 1653734397550, "uuid": "f1fff097-6fc8-42a7-a488-8626e3b42b20", "historyId": "4154b2f2afd376125ac6773d92f57466", "testCaseId": "e988984021d10c07a1bb964e9420af23", "fullName": "EndtoEndTest.EndtoEndTest#test_6AddToCart", "labels": [{"name": "tag", "value": "run(order=6)"}, {"name": "tag", "value": "@pytest.mark.usefixtures('beforeClass', 'beforeMethod')"}, {"name": "suite", "value": "EndtoEndTest"}, {"name": "subSuite", "value": "EndtoEndTest"}, {"name": "host", "value": "BTZVBK3"}, {"name": "thread", "value": "8964-MainThread"}, {"name": "framework", "value": "pytest"}, {"name": "language", "value": "cpython3"}, {"name": "package", "value": "EndtoEndTest"}]}