{"name": "test_login", "status": "failed", "statusDetails": {"message": "AssertionError", "trace": "self = <pages.LoginPage.LoginPageTest object at 0x0000013021C23970>, locatorValue = 'in.amazon.mShop.android.shopping:id/skip_sign_in_button'\nlocatorType = 'id'\n\n    def getElement(self, locatorValue, locatorType=\"id\"):\n        element = None\n        try:\n            locatorType = locatorType.lower()\n>           element = self.waitForElement(locatorValue, locatorType)\n\n..\\base\\BasePage.py:53: \n_ _ _ _ _ _ _ _ _ _ _ _ _ _ _ _ _ _ _ _ _ _ _ _ _ _ _ _ _ _ _ _ _ _ _ _ _ _ _ _ _ _ _ _ _ _ _ _ _ _ _ _ _ _ _ _ _ _ _ _ _ _ _ _ _ _ _ _ _ _ _ _ _ _ _ _ _ \n\nself = <pages.LoginPage.LoginPageTest object at 0x0000013021C23970>, locatorvalue = 'in.amazon.mShop.android.shopping:id/skip_sign_in_button'\nlocatorType = 'id'\n\n    def waitForElement(self, locatorvalue, locatorType):\n        locatorType = locatorType.lower()\n        element = None\n        wait = WebDriverWait(self.driver, 25, poll_frequency=1,\n                             ignored_exceptions=[ElementNotVisibleException, ElementNotSelectableException,\n                                                 NoSuchElementException])\n        if locatorType == \"id\":\n>           element = wait.until(lambda x: x.find_element(AppiumBy.ID, locatorvalue))\n\n..\\base\\BasePage.py:24: \n_ _ _ _ _ _ _ _ _ _ _ _ _ _ _ _ _ _ _ _ _ _ _ _ _ _ _ _ _ _ _ _ _ _ _ _ _ _ _ _ _ _ _ _ _ _ _ _ _ _ _ _ _ _ _ _ _ _ _ _ _ _ _ _ _ _ _ _ _ _ _ _ _ _ _ _ _ \n\nself = <selenium.webdriver.support.wait.WebDriverWait (session=\"a433b383-2f96-4435-8c60-6d64c69f2d6f\")>\nmethod = <function BasePage.waitForElement.<locals>.<lambda> at 0x0000013021A6D3A0>, message = ''\n\n    def until(self, method, message=''):\n        \"\"\"Calls the method provided with the driver as an argument until the \\\n        return value does not evaluate to ``False``.\n    \n        :param method: callable(WebDriver)\n        :param message: optional message for :exc:`TimeoutException`\n        :returns: the result of the last call to `method`\n        :raises: :exc:`selenium.common.exceptions.TimeoutException` if timeout occurs\n        \"\"\"\n        screen = None\n        stacktrace = None\n    \n        end_time = time.monotonic() + self._timeout\n        while True:\n            try:\n                value = method(self._driver)\n                if value:\n                    return value\n            except self._ignored_exceptions as exc:\n                screen = getattr(exc, 'screen', None)\n                stacktrace = getattr(exc, 'stacktrace', None)\n            time.sleep(self._poll)\n            if time.monotonic() > end_time:\n                break\n>       raise TimeoutException(message, screen, stacktrace)\nE       selenium.common.exceptions.TimeoutException: Message: \nE       Stacktrace:\nE       NoSuchElementError: An element could not be located on the page using the given search parameters.\nE           at AndroidUiautomator2Driver.findElOrEls (C:\\Program Files\\Appium Server GUI\\resources\\app\\node_modules\\appium\\node_modules\\appium-android-driver\\lib\\commands\\find.js:75:11)\nE           at processTicksAndRejections (internal/process/task_queues.js:85:5)\n\n..\\venv\\lib\\site-packages\\selenium\\webdriver\\support\\wait.py:87: TimeoutException\n\nDuring handling of the above exception, another exception occurred:\n\nself = <pages.LoginPage.LoginPageTest object at 0x0000013021C23970>, locatorValue = 'in.amazon.mShop.android.shopping:id/skip_sign_in_button'\nlocatorType = 'id'\n\n    def clickElement(self, locatorValue, locatorType=\"id\"):\n        element = None\n        try:\n            locatorType = locatorType.lower()\n>           element = self.getElement(locatorValue, locatorType)\n\n..\\base\\BasePage.py:66: \n_ _ _ _ _ _ _ _ _ _ _ _ _ _ _ _ _ _ _ _ _ _ _ _ _ _ _ _ _ _ _ _ _ _ _ _ _ _ _ _ _ _ _ _ _ _ _ _ _ _ _ _ _ _ _ _ _ _ _ _ _ _ _ _ _ _ _ _ _ _ _ _ _ _ _ _ _ \n\nself = <pages.LoginPage.LoginPageTest object at 0x0000013021C23970>, locatorValue = 'in.amazon.mShop.android.shopping:id/skip_sign_in_button'\nlocatorType = 'id'\n\n    def getElement(self, locatorValue, locatorType=\"id\"):\n        element = None\n        try:\n            locatorType = locatorType.lower()\n            element = self.waitForElement(locatorValue, locatorType)\n            self.log.info(\"Element found with LocatorType: \" + locatorType + \" with the locatorValue :\" + locatorValue)\n        except:\n            self.log.info(\n                \"Element not found with LocatorType: \" + locatorType + \" and with the locatorValue :\" + locatorValue)\n            self.takeScreenshot(locatorType)\n>           assert False\nE           AssertionError\n\n..\\base\\BasePage.py:59: AssertionError\n\nDuring handling of the above exception, another exception occurred:\n\nself = <tests.EndtoEndTest.EndtoEndTest testMethod=test_login>\n\n    @pytest.mark.run(order=2)\n    def test_login(self):\n>       self.lg.clickskipsignButton()\n\nEndtoEndTest.py:29: \n_ _ _ _ _ _ _ _ _ _ _ _ _ _ _ _ _ _ _ _ _ _ _ _ _ _ _ _ _ _ _ _ _ _ _ _ _ _ _ _ _ _ _ _ _ _ _ _ _ _ _ _ _ _ _ _ _ _ _ _ _ _ _ _ _ _ _ _ _ _ _ _ _ _ _ _ _ \n..\\pages\\LoginPage.py:16: in clickskipsignButton\n    self.clickElement(self._skipsignButton,\"id\")\n_ _ _ _ _ _ _ _ _ _ _ _ _ _ _ _ _ _ _ _ _ _ _ _ _ _ _ _ _ _ _ _ _ _ _ _ _ _ _ _ _ _ _ _ _ _ _ _ _ _ _ _ _ _ _ _ _ _ _ _ _ _ _ _ _ _ _ _ _ _ _ _ _ _ _ _ _ \n\nself = <pages.LoginPage.LoginPageTest object at 0x0000013021C23970>, locatorValue = 'in.amazon.mShop.android.shopping:id/skip_sign_in_button'\nlocatorType = 'id'\n\n    def clickElement(self, locatorValue, locatorType=\"id\"):\n        element = None\n        try:\n            locatorType = locatorType.lower()\n            element = self.getElement(locatorValue, locatorType)\n            element.click()\n            self.log.info(\n                \"Clicked on Element with LocatorType: \" + locatorType + \" and with the locatorValue :\" + locatorValue)\n        except:\n            self.log.info(\n                \"Unable to click on Element with LocatorType: \" + locatorType + \" and with the locatorValue :\" + locatorValue)\n            self.takeScreenshot(locatorType)\n>           assert False\nE           AssertionError\n\n..\\base\\BasePage.py:74: AssertionError"}, "attachments": [{"name": "id", "source": "f4a6435f-9be2-4f7d-846e-dd5c730d62be-attachment.png", "type": "image/png"}, {"name": "id", "source": "71c3d280-5761-41ac-8cc5-dcc89e0ca788-attachment.png", "type": "image/png"}, {"name": "log", "source": "7e061aa9-e034-4223-8084-bac52d6e59c9-attachment.txt", "type": "text/plain"}, {"name": "stdout", "source": "51f21d49-f847-4c50-8b7e-f4da52bca337-attachment.txt", "type": "text/plain"}], "start": 1653717031119, "stop": 1653717057943, "uuid": "9b888e88-a8ac-4f77-b6e2-d791a21b1dc5", "historyId": "a922089b026fd60494b6c34097305f07", "testCaseId": "d8eec9958aae3d6a34df6bfe7191bad3", "fullName": "EndtoEndTest.EndtoEndTest#test_login", "labels": [{"name": "tag", "value": "run(order=2)"}, {"name": "tag", "value": "@pytest.mark.usefixtures('beforeClass', 'beforeMethod')"}, {"name": "suite", "value": "EndtoEndTest"}, {"name": "subSuite", "value": "EndtoEndTest"}, {"name": "host", "value": "BTZVBK3"}, {"name": "thread", "value": "19556-MainThread"}, {"name": "framework", "value": "pytest"}, {"name": "language", "value": "cpython3"}, {"name": "package", "value": "EndtoEndTest"}]}