{"name": "test_6AddToCart", "status": "failed", "statusDetails": {"message": "AssertionError", "trace": "self = <pages.AddcartPage.AddtocartPageTest object at 0x00000291297126A0>, locatorValue = 'a-autoid-0', locatorType = 'id'\n\n    def getElement(self, locatorValue, locatorType=\"id\"):\n        element = None\n        try:\n            locatorType = locatorType.lower()\n>           element = self.waitForElement(locatorValue, locatorType)\n\n..\\base\\BasePage.py:53: \n_ _ _ _ _ _ _ _ _ _ _ _ _ _ _ _ _ _ _ _ _ _ _ _ _ _ _ _ _ _ _ _ _ _ _ _ _ _ _ _ _ _ _ _ _ _ _ _ _ _ _ _ _ _ _ _ _ _ _ _ _ _ _ _ _ _ _ _ _ _ _ _ _ _ _ _ _ \n\nself = <pages.AddcartPage.AddtocartPageTest object at 0x00000291297126A0>, locatorvalue = 'a-autoid-0', locatorType = 'id'\n\n    def waitForElement(self, locatorvalue, locatorType):\n        locatorType = locatorType.lower()\n        element = None\n        wait = WebDriverWait(self.driver, 25, poll_frequency=1,\n                             ignored_exceptions=[ElementNotVisibleException, ElementNotSelectableException,\n                                                 NoSuchElementException])\n        if locatorType == \"id\":\n>           element = wait.until(lambda x: x.find_element(AppiumBy.ID, locatorvalue))\n\n..\\base\\BasePage.py:24: \n_ _ _ _ _ _ _ _ _ _ _ _ _ _ _ _ _ _ _ _ _ _ _ _ _ _ _ _ _ _ _ _ _ _ _ _ _ _ _ _ _ _ _ _ _ _ _ _ _ _ _ _ _ _ _ _ _ _ _ _ _ _ _ _ _ _ _ _ _ _ _ _ _ _ _ _ _ \n\nself = <selenium.webdriver.support.wait.WebDriverWait (session=\"e01a8f8e-1995-4cc5-b6ab-046cc3b4a835\")>\nmethod = <function BasePage.waitForElement.<locals>.<lambda> at 0x000002912970E1F0>, message = ''\n\n    def until(self, method, message=''):\n        \"\"\"Calls the method provided with the driver as an argument until the \\\n        return value does not evaluate to ``False``.\n    \n        :param method: callable(WebDriver)\n        :param message: optional message for :exc:`TimeoutException`\n        :returns: the result of the last call to `method`\n        :raises: :exc:`selenium.common.exceptions.TimeoutException` if timeout occurs\n        \"\"\"\n        screen = None\n        stacktrace = None\n    \n        end_time = time.monotonic() + self._timeout\n        while True:\n            try:\n                value = method(self._driver)\n                if value:\n                    return value\n            except self._ignored_exceptions as exc:\n                screen = getattr(exc, 'screen', None)\n                stacktrace = getattr(exc, 'stacktrace', None)\n            time.sleep(self._poll)\n            if time.monotonic() > end_time:\n                break\n>       raise TimeoutException(message, screen, stacktrace)\nE       selenium.common.exceptions.TimeoutException: Message: \nE       Stacktrace:\nE       NoSuchElementError: An element could not be located on the page using the given search parameters.\nE           at AndroidUiautomator2Driver.findElOrEls (C:\\Program Files\\Appium Server GUI\\resources\\app\\node_modules\\appium\\node_modules\\appium-android-driver\\lib\\commands\\find.js:75:11)\nE           at processTicksAndRejections (internal/process/task_queues.js:85:5)\n\n..\\venv\\lib\\site-packages\\selenium\\webdriver\\support\\wait.py:87: TimeoutException\n\nDuring handling of the above exception, another exception occurred:\n\nself = <pages.AddcartPage.AddtocartPageTest object at 0x00000291297126A0>, locatorValue = 'a-autoid-0', locatorType = 'id'\n\n    def clickElement(self, locatorValue, locatorType=\"id\"):\n        element = None\n        try:\n            locatorType = locatorType.lower()\n>           element = self.getElement(locatorValue, locatorType)\n\n..\\base\\BasePage.py:66: \n_ _ _ _ _ _ _ _ _ _ _ _ _ _ _ _ _ _ _ _ _ _ _ _ _ _ _ _ _ _ _ _ _ _ _ _ _ _ _ _ _ _ _ _ _ _ _ _ _ _ _ _ _ _ _ _ _ _ _ _ _ _ _ _ _ _ _ _ _ _ _ _ _ _ _ _ _ \n\nself = <pages.AddcartPage.AddtocartPageTest object at 0x00000291297126A0>, locatorValue = 'a-autoid-0', locatorType = 'id'\n\n    def getElement(self, locatorValue, locatorType=\"id\"):\n        element = None\n        try:\n            locatorType = locatorType.lower()\n            element = self.waitForElement(locatorValue, locatorType)\n            self.log.info(\"Element found with LocatorType: \" + locatorType + \" with the locatorValue :\" + locatorValue)\n        except:\n            self.log.info(\n                \"Element not found with LocatorType: \" + locatorType + \" and with the locatorValue :\" + locatorValue)\n            self.takeScreenshot(locatorType)\n>           assert False\nE           AssertionError\n\n..\\base\\BasePage.py:59: AssertionError\n\nDuring handling of the above exception, another exception occurred:\n\nself = <tests.EndtoEndTest.EndtoEndTest testMethod=test_6AddToCart>\n\n    @pytest.mark.run(order=6)\n    def test_6AddToCart(self):\n        self.ad.clickaddtocartButton()\n        self.ad.clickcartButton()\n        time.sleep(20)\n>       self.ad.clickprocessbuyButton()\n\nEndtoEndTest.py:67: \n_ _ _ _ _ _ _ _ _ _ _ _ _ _ _ _ _ _ _ _ _ _ _ _ _ _ _ _ _ _ _ _ _ _ _ _ _ _ _ _ _ _ _ _ _ _ _ _ _ _ _ _ _ _ _ _ _ _ _ _ _ _ _ _ _ _ _ _ _ _ _ _ _ _ _ _ _ \n..\\pages\\AddcartPage.py:25: in clickprocessbuyButton\n    self.clickElement(self._proceedbuyButton,\"id\")\n_ _ _ _ _ _ _ _ _ _ _ _ _ _ _ _ _ _ _ _ _ _ _ _ _ _ _ _ _ _ _ _ _ _ _ _ _ _ _ _ _ _ _ _ _ _ _ _ _ _ _ _ _ _ _ _ _ _ _ _ _ _ _ _ _ _ _ _ _ _ _ _ _ _ _ _ _ \n\nself = <pages.AddcartPage.AddtocartPageTest object at 0x00000291297126A0>, locatorValue = 'a-autoid-0', locatorType = 'id'\n\n    def clickElement(self, locatorValue, locatorType=\"id\"):\n        element = None\n        try:\n            locatorType = locatorType.lower()\n            element = self.getElement(locatorValue, locatorType)\n            element.click()\n            self.log.info(\n                \"Clicked on Element with LocatorType: \" + locatorType + \" and with the locatorValue :\" + locatorValue)\n        except:\n            self.log.info(\n                \"Unable to click on Element with LocatorType: \" + locatorType + \" and with the locatorValue :\" + locatorValue)\n            self.takeScreenshot(locatorType)\n>           assert False\nE           AssertionError\n\n..\\base\\BasePage.py:74: AssertionError"}, "steps": [{"name": "Click addtocard button", "status": "passed", "start": 1653736252069, "stop": 1653736252069}, {"name": "click cart Button", "status": "passed", "start": 1653736259187, "stop": 1653736259187}], "attachments": [{"name": "id", "source": "e6ceeb14-b06c-402d-8564-8c36787685e4-attachment.png", "type": "image/png"}, {"name": "id", "source": "539739be-f35c-4ab1-97a7-dcba01460552-attachment.png", "type": "image/png"}, {"name": "log", "source": "7d24e360-3332-4a28-944e-6f3ab7ada5ad-attachment.txt", "type": "text/plain"}, {"name": "stdout", "source": "f6d416ac-d66a-4662-8f50-5ebc10f53f22-attachment.txt", "type": "text/plain"}], "start": 1653736251875, "stop": 1653736305352, "uuid": "5b14d559-fbec-43eb-9e31-4dadd56d936d", "historyId": "4154b2f2afd376125ac6773d92f57466", "testCaseId": "e988984021d10c07a1bb964e9420af23", "fullName": "EndtoEndTest.EndtoEndTest#test_6AddToCart", "labels": [{"name": "tag", "value": "run(order=6)"}, {"name": "tag", "value": "@pytest.mark.usefixtures('beforeClass', 'beforeMethod')"}, {"name": "suite", "value": "EndtoEndTest"}, {"name": "subSuite", "value": "EndtoEndTest"}, {"name": "host", "value": "BTZVBK3"}, {"name": "thread", "value": "9168-MainThread"}, {"name": "framework", "value": "pytest"}, {"name": "language", "value": "cpython3"}, {"name": "package", "value": "EndtoEndTest"}]}