{"name": "test_6AddToCart", "status": "failed", "statusDetails": {"message": "AssertionError", "trace": "self = <pages.AddcartPage.AddtocartPageTest object at 0x0000020000FC63A0>, locatorValue = 'Add to Cart', locatorType = 'text'\n\n    def getElement(self, locatorValue, locatorType=\"id\"):\n        element = None\n        try:\n            locatorType = locatorType.lower()\n>           element = self.waitForElement(locatorValue, locatorType)\n\n..\\base\\BasePage.py:53: \n_ _ _ _ _ _ _ _ _ _ _ _ _ _ _ _ _ _ _ _ _ _ _ _ _ _ _ _ _ _ _ _ _ _ _ _ _ _ _ _ _ _ _ _ _ _ _ _ _ _ _ _ _ _ _ _ _ _ _ _ _ _ _ _ _ _ _ _ _ _ _ _ _ _ _ _ _ \n\nself = <pages.AddcartPage.AddtocartPageTest object at 0x0000020000FC63A0>, locatorvalue = 'Add to Cart', locatorType = 'text'\n\n    def waitForElement(self, locatorvalue, locatorType):\n        locatorType = locatorType.lower()\n        element = None\n        wait = WebDriverWait(self.driver, 25, poll_frequency=1,\n                             ignored_exceptions=[ElementNotVisibleException, ElementNotSelectableException,\n                                                 NoSuchElementException])\n        if locatorType == \"id\":\n            element = wait.until(lambda x: x.find_element(AppiumBy.ID, locatorvalue))\n            return element\n        elif locatorType == \"class\":\n            element = wait.until(lambda x: x.find_element(AppiumBy.CLASS_NAME, locatorvalue))\n            return element\n        elif locatorType == \"des\":\n            element = wait.until(\n                lambda x: x.find_element(AppiumBy.ANDROID_UIAUTOMATOR,\n                                         'UiSelector().description(\"%s\")' % (locatorvalue)))\n            return element\n        elif locatorType == \"index\":\n            element = wait.until(\n                lambda x: x.find_element(AppiumBy.ANDROID_UIAUTOMATOR, \"UiSelector().index(%d)\" % int(locatorvalue)))\n            return element\n        elif locatorType == \"text\":\n>           element = wait.until(lambda x: x.find_element(AppiumBy.ANDROID_UIAUTOMATOR, 'text(\"%s\")' % locatorvalue))\n\n..\\base\\BasePage.py:39: \n_ _ _ _ _ _ _ _ _ _ _ _ _ _ _ _ _ _ _ _ _ _ _ _ _ _ _ _ _ _ _ _ _ _ _ _ _ _ _ _ _ _ _ _ _ _ _ _ _ _ _ _ _ _ _ _ _ _ _ _ _ _ _ _ _ _ _ _ _ _ _ _ _ _ _ _ _ \n\nself = <selenium.webdriver.support.wait.WebDriverWait (session=\"f43ce487-8862-4759-9fcf-26ee27cbadf9\")>\nmethod = <function BasePage.waitForElement.<locals>.<lambda> at 0x0000020000FEE820>, message = ''\n\n    def until(self, method, message=''):\n        \"\"\"Calls the method provided with the driver as an argument until the \\\n        return value does not evaluate to ``False``.\n    \n        :param method: callable(WebDriver)\n        :param message: optional message for :exc:`TimeoutException`\n        :returns: the result of the last call to `method`\n        :raises: :exc:`selenium.common.exceptions.TimeoutException` if timeout occurs\n        \"\"\"\n        screen = None\n        stacktrace = None\n    \n        end_time = time.monotonic() + self._timeout\n        while True:\n            try:\n                value = method(self._driver)\n                if value:\n                    return value\n            except self._ignored_exceptions as exc:\n                screen = getattr(exc, 'screen', None)\n                stacktrace = getattr(exc, 'stacktrace', None)\n            time.sleep(self._poll)\n            if time.monotonic() > end_time:\n                break\n>       raise TimeoutException(message, screen, stacktrace)\nE       selenium.common.exceptions.TimeoutException: Message: \nE       Stacktrace:\nE       NoSuchElementError: An element could not be located on the page using the given search parameters.\nE           at AndroidUiautomator2Driver.findElOrEls (C:\\Program Files\\Appium Server GUI\\resources\\app\\node_modules\\appium\\node_modules\\appium-android-driver\\lib\\commands\\find.js:75:11)\nE           at processTicksAndRejections (internal/process/task_queues.js:85:5)\n\n..\\venv\\lib\\site-packages\\selenium\\webdriver\\support\\wait.py:87: TimeoutException\n\nDuring handling of the above exception, another exception occurred:\n\nself = <pages.AddcartPage.AddtocartPageTest object at 0x0000020000FC63A0>, locatorValue = 'Add to Cart', locatorType = 'text'\n\n    def clickElement(self, locatorValue, locatorType=\"id\"):\n        element = None\n        try:\n            locatorType = locatorType.lower()\n>           element = self.getElement(locatorValue, locatorType)\n\n..\\base\\BasePage.py:66: \n_ _ _ _ _ _ _ _ _ _ _ _ _ _ _ _ _ _ _ _ _ _ _ _ _ _ _ _ _ _ _ _ _ _ _ _ _ _ _ _ _ _ _ _ _ _ _ _ _ _ _ _ _ _ _ _ _ _ _ _ _ _ _ _ _ _ _ _ _ _ _ _ _ _ _ _ _ \n\nself = <pages.AddcartPage.AddtocartPageTest object at 0x0000020000FC63A0>, locatorValue = 'Add to Cart', locatorType = 'text'\n\n    def getElement(self, locatorValue, locatorType=\"id\"):\n        element = None\n        try:\n            locatorType = locatorType.lower()\n            element = self.waitForElement(locatorValue, locatorType)\n            self.log.info(\"Element found with LocatorType: \" + locatorType + \" with the locatorValue :\" + locatorValue)\n        except:\n            self.log.info(\n                \"Element not found with LocatorType: \" + locatorType + \" and with the locatorValue :\" + locatorValue)\n            self.takeScreenshot(locatorType)\n>           assert False\nE           AssertionError\n\n..\\base\\BasePage.py:59: AssertionError\n\nDuring handling of the above exception, another exception occurred:\n\nself = <tests.EndtoEndTest.EndtoEndTest testMethod=test_6AddToCart>\n\n    @pytest.mark.run(order=6)\n    def test_6AddToCart(self):\n>       self.ad.clickaddtocartButton()\n\nEndtoEndTest.py:64: \n_ _ _ _ _ _ _ _ _ _ _ _ _ _ _ _ _ _ _ _ _ _ _ _ _ _ _ _ _ _ _ _ _ _ _ _ _ _ _ _ _ _ _ _ _ _ _ _ _ _ _ _ _ _ _ _ _ _ _ _ _ _ _ _ _ _ _ _ _ _ _ _ _ _ _ _ _ \n..\\pages\\AddcartPage.py:17: in clickaddtocartButton\n    self.clickElement(self._addtocartButton,\"text\")\n_ _ _ _ _ _ _ _ _ _ _ _ _ _ _ _ _ _ _ _ _ _ _ _ _ _ _ _ _ _ _ _ _ _ _ _ _ _ _ _ _ _ _ _ _ _ _ _ _ _ _ _ _ _ _ _ _ _ _ _ _ _ _ _ _ _ _ _ _ _ _ _ _ _ _ _ _ \n\nself = <pages.AddcartPage.AddtocartPageTest object at 0x0000020000FC63A0>, locatorValue = 'Add to Cart', locatorType = 'text'\n\n    def clickElement(self, locatorValue, locatorType=\"id\"):\n        element = None\n        try:\n            locatorType = locatorType.lower()\n            element = self.getElement(locatorValue, locatorType)\n            element.click()\n            self.log.info(\n                \"Clicked on Element with LocatorType: \" + locatorType + \" and with the locatorValue :\" + locatorValue)\n        except:\n            self.log.info(\n                \"Unable to click on Element with LocatorType: \" + locatorType + \" and with the locatorValue :\" + locatorValue)\n            self.takeScreenshot(locatorType)\n>           assert False\nE           AssertionError\n\n..\\base\\BasePage.py:74: AssertionError"}, "attachments": [{"name": "text", "source": "629d3548-2ebc-4d98-b1b4-2832269a07bd-attachment.png", "type": "image/png"}, {"name": "text", "source": "39d450b8-5624-4932-8d1b-c61a9f2784fe-attachment.png", "type": "image/png"}, {"name": "log", "source": "6b71fe31-e13f-4d21-90da-3e0e04995f73-attachment.txt", "type": "text/plain"}, {"name": "stdout", "source": "4be201e8-a498-4b9e-986a-13e9085b1cc3-attachment.txt", "type": "text/plain"}], "start": 1653736598861, "stop": 1653736627902, "uuid": "c62cb89c-327f-44a5-b76f-f8837a2e4636", "historyId": "4154b2f2afd376125ac6773d92f57466", "testCaseId": "e988984021d10c07a1bb964e9420af23", "fullName": "EndtoEndTest.EndtoEndTest#test_6AddToCart", "labels": [{"name": "tag", "value": "run(order=6)"}, {"name": "tag", "value": "@pytest.mark.usefixtures('beforeClass', 'beforeMethod')"}, {"name": "suite", "value": "EndtoEndTest"}, {"name": "subSuite", "value": "EndtoEndTest"}, {"name": "host", "value": "BTZVBK3"}, {"name": "thread", "value": "6056-MainThread"}, {"name": "framework", "value": "pytest"}, {"name": "language", "value": "cpython3"}, {"name": "package", "value": "EndtoEndTest"}]}