{"name": "test_login", "status": "failed", "statusDetails": {"message": "AssertionError", "trace": "self = <pages.LoginPage.Login object at 0x000002606FAF19A0>, locatorValue = 'skip_sign_in_button', locatorType = 'id'\n\n    def getElement(self, locatorValue, locatorType=\"id\"):\n        element = None\n        try:\n            locatorType = locatorType.lower()\n>           element = self.waitForElement(locatorValue, locatorType)\n\n..\\base\\BasePage.py:53: \n_ _ _ _ _ _ _ _ _ _ _ _ _ _ _ _ _ _ _ _ _ _ _ _ _ _ _ _ _ _ _ _ _ _ _ _ _ _ _ _ _ _ _ _ _ _ _ _ _ _ _ _ _ _ _ _ _ _ _ _ _ _ _ _ _ _ _ _ _ _ _ _ _ _ _ _ _ \n\nself = <pages.LoginPage.Login object at 0x000002606FAF19A0>, locatorvalue = 'skip_sign_in_button', locatorType = 'id'\n\n    def waitForElement(self, locatorvalue, locatorType):\n        locatorType = locatorType.lower()\n        element = None\n        wait = WebDriverWait(self.driver, 25, poll_frequency=1,\n                             ignored_exceptions=[ElementNotVisibleException, ElementNotSelectableException,\n                                                 NoSuchElementException])\n        if locatorType == \"id\":\n>           element = wait.until(lambda x: x.find_element(AppiumBy.ID, locatorvalue))\n\n..\\base\\BasePage.py:24: \n_ _ _ _ _ _ _ _ _ _ _ _ _ _ _ _ _ _ _ _ _ _ _ _ _ _ _ _ _ _ _ _ _ _ _ _ _ _ _ _ _ _ _ _ _ _ _ _ _ _ _ _ _ _ _ _ _ _ _ _ _ _ _ _ _ _ _ _ _ _ _ _ _ _ _ _ _ \n\nself = <selenium.webdriver.support.wait.WebDriverWait (session=\"b09d2d1c-405f-49cf-b97b-a665a7b02f74\")>\nmethod = <function BasePage.waitForElement.<locals>.<lambda> at 0x000002606F93D3A0>, message = ''\n\n    def until(self, method, message=''):\n        \"\"\"Calls the method provided with the driver as an argument until the \\\n        return value does not evaluate to ``False``.\n    \n        :param method: callable(WebDriver)\n        :param message: optional message for :exc:`TimeoutException`\n        :returns: the result of the last call to `method`\n        :raises: :exc:`selenium.common.exceptions.TimeoutException` if timeout occurs\n        \"\"\"\n        screen = None\n        stacktrace = None\n    \n        end_time = time.monotonic() + self._timeout\n        while True:\n            try:\n                value = method(self._driver)\n                if value:\n                    return value\n            except self._ignored_exceptions as exc:\n                screen = getattr(exc, 'screen', None)\n                stacktrace = getattr(exc, 'stacktrace', None)\n            time.sleep(self._poll)\n            if time.monotonic() > end_time:\n                break\n>       raise TimeoutException(message, screen, stacktrace)\nE       selenium.common.exceptions.TimeoutException: Message: \nE       Stacktrace:\nE       NoSuchElementError: An element could not be located on the page using the given search parameters.\nE           at AndroidUiautomator2Driver.findElOrEls (C:\\Program Files\\Appium Server GUI\\resources\\app\\node_modules\\appium\\node_modules\\appium-android-driver\\lib\\commands\\find.js:75:11)\nE           at processTicksAndRejections (internal/process/task_queues.js:85:5)\n\n..\\venv\\lib\\site-packages\\selenium\\webdriver\\support\\wait.py:87: TimeoutException\n\nDuring handling of the above exception, another exception occurred:\n\nself = <pages.LoginPage.Login object at 0x000002606FAF19A0>, locatorValue = 'skip_sign_in_button', locatorType = 'id'\n\n    def clickElement(self, locatorValue, locatorType=\"id\"):\n        element = None\n        try:\n            locatorType = locatorType.lower()\n>           element = self.getElement(locatorValue, locatorType)\n\n..\\base\\BasePage.py:66: \n_ _ _ _ _ _ _ _ _ _ _ _ _ _ _ _ _ _ _ _ _ _ _ _ _ _ _ _ _ _ _ _ _ _ _ _ _ _ _ _ _ _ _ _ _ _ _ _ _ _ _ _ _ _ _ _ _ _ _ _ _ _ _ _ _ _ _ _ _ _ _ _ _ _ _ _ _ \n\nself = <pages.LoginPage.Login object at 0x000002606FAF19A0>, locatorValue = 'skip_sign_in_button', locatorType = 'id'\n\n    def getElement(self, locatorValue, locatorType=\"id\"):\n        element = None\n        try:\n            locatorType = locatorType.lower()\n            element = self.waitForElement(locatorValue, locatorType)\n            self.log.info(\"Element found with LocatorType: \" + locatorType + \" with the locatorValue :\" + locatorValue)\n        except:\n            self.log.info(\n                \"Element not found with LocatorType: \" + locatorType + \" and with the locatorValue :\" + locatorValue)\n            self.takeScreenshot(locatorType)\n>           assert False\nE           AssertionError\n\n..\\base\\BasePage.py:59: AssertionError\n\nDuring handling of the above exception, another exception occurred:\n\nself = <tests.EndtoEndTest.EndtoEndTest testMethod=test_login>\n\n    @pytest.mark.run(order=2)\n    def test_login(self):\n>       self.lg.clickskipsignButton()\n\nEndtoEndTest.py:29: \n_ _ _ _ _ _ _ _ _ _ _ _ _ _ _ _ _ _ _ _ _ _ _ _ _ _ _ _ _ _ _ _ _ _ _ _ _ _ _ _ _ _ _ _ _ _ _ _ _ _ _ _ _ _ _ _ _ _ _ _ _ _ _ _ _ _ _ _ _ _ _ _ _ _ _ _ _ \n..\\pages\\LoginPage.py:16: in clickskipsignButton\n    self.clickElement(self._skipsignButton,\"id\")\n_ _ _ _ _ _ _ _ _ _ _ _ _ _ _ _ _ _ _ _ _ _ _ _ _ _ _ _ _ _ _ _ _ _ _ _ _ _ _ _ _ _ _ _ _ _ _ _ _ _ _ _ _ _ _ _ _ _ _ _ _ _ _ _ _ _ _ _ _ _ _ _ _ _ _ _ _ \n\nself = <pages.LoginPage.Login object at 0x000002606FAF19A0>, locatorValue = 'skip_sign_in_button', locatorType = 'id'\n\n    def clickElement(self, locatorValue, locatorType=\"id\"):\n        element = None\n        try:\n            locatorType = locatorType.lower()\n            element = self.getElement(locatorValue, locatorType)\n            element.click()\n            self.log.info(\n                \"Clicked on Element with LocatorType: \" + locatorType + \" and with the locatorValue :\" + locatorValue)\n        except:\n            self.log.info(\n                \"Unable to click on Element with LocatorType: \" + locatorType + \" and with the locatorValue :\" + locatorValue)\n            self.takeScreenshot(locatorType)\n>           assert False\nE           AssertionError\n\n..\\base\\BasePage.py:74: AssertionError"}, "attachments": [{"name": "id", "source": "fadd6185-c905-4080-80e3-61d2931e6b88-attachment.png", "type": "image/png"}, {"name": "id", "source": "2ae102a7-12b1-4e23-94ac-ad640ffe4c59-attachment.png", "type": "image/png"}, {"name": "log", "source": "4f134f38-770f-40f4-a551-ef50b0060d80-attachment.txt", "type": "text/plain"}, {"name": "stdout", "source": "6b55c2f3-3c4b-4e6a-8c39-ae5e2b80294d-attachment.txt", "type": "text/plain"}], "start": 1653716688667, "stop": 1653716714737, "uuid": "7a510610-ab4f-4e2f-8e77-dec764269706", "historyId": "a922089b026fd60494b6c34097305f07", "testCaseId": "d8eec9958aae3d6a34df6bfe7191bad3", "fullName": "EndtoEndTest.EndtoEndTest#test_login", "labels": [{"name": "tag", "value": "run(order=2)"}, {"name": "tag", "value": "@pytest.mark.usefixtures('beforeClass', 'beforeMethod')"}, {"name": "suite", "value": "EndtoEndTest"}, {"name": "subSuite", "value": "EndtoEndTest"}, {"name": "host", "value": "BTZVBK3"}, {"name": "thread", "value": "12172-MainThread"}, {"name": "framework", "value": "pytest"}, {"name": "language", "value": "cpython3"}, {"name": "package", "value": "EndtoEndTest"}]}