{"name": "test_Login", "status": "failed", "statusDetails": {"message": "AssertionError", "trace": "self = <pages.LoginPage.Login object at 0x0000020EBF0E5730>, locatorValue = 'in.amazon.mShop.android.shopping:id/skip_sign_in_button', locatorType = 'id'\n\n    def getElement(self, locatorValue, locatorType=\"id\"):\n        element = None\n        try:\n            locatorType = locatorType.lower()\n>           element = self.waitForElement(locatorValue, locatorType)\n\n..\\base\\BasePage.py:53: \n_ _ _ _ _ _ _ _ _ _ _ _ _ _ _ _ _ _ _ _ _ _ _ _ _ _ _ _ _ _ _ _ _ _ _ _ _ _ _ _ _ _ _ _ _ _ _ _ _ _ _ _ _ _ _ _ _ _ _ _ _ _ _ _ _ _ _ _ _ _ _ _ _ _ _ _ _ \n\nself = <pages.LoginPage.Login object at 0x0000020EBF0E5730>, locatorvalue = 'in.amazon.mShop.android.shopping:id/skip_sign_in_button', locatorType = 'id'\n\n    def waitForElement(self, locatorvalue, locatorType):\n        locatorType = locatorType.lower()\n        element = None\n        wait = WebDriverWait(self.driver, 25, poll_frequency=1,\n                             ignored_exceptions=[ElementNotVisibleException, ElementNotSelectableException,\n                                                 NoSuchElementException])\n        if locatorType == \"id\":\n>           element = wait.until(lambda x: x.find_element(AppiumBy.ID, locatorvalue))\n\n..\\base\\BasePage.py:24: \n_ _ _ _ _ _ _ _ _ _ _ _ _ _ _ _ _ _ _ _ _ _ _ _ _ _ _ _ _ _ _ _ _ _ _ _ _ _ _ _ _ _ _ _ _ _ _ _ _ _ _ _ _ _ _ _ _ _ _ _ _ _ _ _ _ _ _ _ _ _ _ _ _ _ _ _ _ \n\nself = <selenium.webdriver.support.wait.WebDriverWait (session=\"647559bf-160a-44ea-be0f-35792974cdfd\")>\nmethod = <function BasePage.waitForElement.<locals>.<lambda> at 0x0000020EBEF2E160>, message = ''\n\n    def until(self, method, message=''):\n        \"\"\"Calls the method provided with the driver as an argument until the \\\n        return value does not evaluate to ``False``.\n    \n        :param method: callable(WebDriver)\n        :param message: optional message for :exc:`TimeoutException`\n        :returns: the result of the last call to `method`\n        :raises: :exc:`selenium.common.exceptions.TimeoutException` if timeout occurs\n        \"\"\"\n        screen = None\n        stacktrace = None\n    \n        end_time = time.monotonic() + self._timeout\n        while True:\n            try:\n                value = method(self._driver)\n                if value:\n                    return value\n            except self._ignored_exceptions as exc:\n                screen = getattr(exc, 'screen', None)\n                stacktrace = getattr(exc, 'stacktrace', None)\n            time.sleep(self._poll)\n            if time.monotonic() > end_time:\n                break\n>       raise TimeoutException(message, screen, stacktrace)\nE       selenium.common.exceptions.TimeoutException: Message: \nE       Stacktrace:\nE       NoSuchElementError: An element could not be located on the page using the given search parameters.\nE           at AndroidUiautomator2Driver.findElOrEls (C:\\Program Files\\Appium Server GUI\\resources\\app\\node_modules\\appium\\node_modules\\appium-android-driver\\lib\\commands\\find.js:75:11)\nE           at processTicksAndRejections (internal/process/task_queues.js:85:5)\n\n..\\venv\\lib\\site-packages\\selenium\\webdriver\\support\\wait.py:87: TimeoutException\n\nDuring handling of the above exception, another exception occurred:\n\nself = <pages.LoginPage.Login object at 0x0000020EBF0E5730>, locatorValue = 'in.amazon.mShop.android.shopping:id/skip_sign_in_button', locatorType = 'id'\n\n    def clickElement(self, locatorValue, locatorType=\"id\"):\n        element = None\n        try:\n            locatorType = locatorType.lower()\n>           element = self.getElement(locatorValue, locatorType)\n\n..\\base\\BasePage.py:66: \n_ _ _ _ _ _ _ _ _ _ _ _ _ _ _ _ _ _ _ _ _ _ _ _ _ _ _ _ _ _ _ _ _ _ _ _ _ _ _ _ _ _ _ _ _ _ _ _ _ _ _ _ _ _ _ _ _ _ _ _ _ _ _ _ _ _ _ _ _ _ _ _ _ _ _ _ _ \n\nself = <pages.LoginPage.Login object at 0x0000020EBF0E5730>, locatorValue = 'in.amazon.mShop.android.shopping:id/skip_sign_in_button', locatorType = 'id'\n\n    def getElement(self, locatorValue, locatorType=\"id\"):\n        element = None\n        try:\n            locatorType = locatorType.lower()\n            element = self.waitForElement(locatorValue, locatorType)\n            self.log.info(\"Element found with LocatorType: \" + locatorType + \" with the locatorValue :\" + locatorValue)\n        except:\n            self.log.info(\n                \"Element not found with LocatorType: \" + locatorType + \" and with the locatorValue :\" + locatorValue)\n            self.takeScreenshot(locatorType)\n>           assert False\nE           AssertionError\n\n..\\base\\BasePage.py:59: AssertionError\n\nDuring handling of the above exception, another exception occurred:\n\nself = <tests.EndtoEndTest.EndtoEndTest testMethod=test_Login>\n\n    @pytest.mark.run(order=2)\n    def test_Login(self):\n>       self.lg.clickskipsignButton()\n\nEndtoEndTest.py:29: \n_ _ _ _ _ _ _ _ _ _ _ _ _ _ _ _ _ _ _ _ _ _ _ _ _ _ _ _ _ _ _ _ _ _ _ _ _ _ _ _ _ _ _ _ _ _ _ _ _ _ _ _ _ _ _ _ _ _ _ _ _ _ _ _ _ _ _ _ _ _ _ _ _ _ _ _ _ \n..\\pages\\LoginPage.py:16: in clickskipsignButton\n    self.clickElement(self._skipsignButton,\"id\")\n_ _ _ _ _ _ _ _ _ _ _ _ _ _ _ _ _ _ _ _ _ _ _ _ _ _ _ _ _ _ _ _ _ _ _ _ _ _ _ _ _ _ _ _ _ _ _ _ _ _ _ _ _ _ _ _ _ _ _ _ _ _ _ _ _ _ _ _ _ _ _ _ _ _ _ _ _ \n\nself = <pages.LoginPage.Login object at 0x0000020EBF0E5730>, locatorValue = 'in.amazon.mShop.android.shopping:id/skip_sign_in_button', locatorType = 'id'\n\n    def clickElement(self, locatorValue, locatorType=\"id\"):\n        element = None\n        try:\n            locatorType = locatorType.lower()\n            element = self.getElement(locatorValue, locatorType)\n            element.click()\n            self.log.info(\n                \"Clicked on Element with LocatorType: \" + locatorType + \" and with the locatorValue :\" + locatorValue)\n        except:\n            self.log.info(\n                \"Unable to click on Element with LocatorType: \" + locatorType + \" and with the locatorValue :\" + locatorValue)\n            self.takeScreenshot(locatorType)\n>           assert False\nE           AssertionError\n\n..\\base\\BasePage.py:74: AssertionError"}, "attachments": [{"name": "id", "source": "4b70d4aa-b850-4152-81f5-2f3fab343bc6-attachment.png", "type": "image/png"}, {"name": "id", "source": "cf781955-b575-40b0-801f-e33ce027bc4e-attachment.png", "type": "image/png"}, {"name": "log", "source": "e492c3b0-5e77-4978-a1ae-386b4303b717-attachment.txt", "type": "text/plain"}, {"name": "stdout", "source": "55819cb4-5592-4bcd-97d0-f2b7d802c6d9-attachment.txt", "type": "text/plain"}], "start": 1653715480156, "stop": 1653715506222, "uuid": "a7858b27-0e84-45f7-ae0d-21ba11696ef6", "historyId": "b51c9edb0fbcdf13ba3a62f66416d7e0", "testCaseId": "685ad3c004e390cf0a3b188447d48011", "fullName": "EndtoEndTest.EndtoEndTest#test_Login", "labels": [{"name": "tag", "value": "run(order=2)"}, {"name": "tag", "value": "@pytest.mark.usefixtures('beforeClass', 'beforeMethod')"}, {"name": "suite", "value": "EndtoEndTest"}, {"name": "subSuite", "value": "EndtoEndTest"}, {"name": "host", "value": "BTZVBK3"}, {"name": "thread", "value": "22000-MainThread"}, {"name": "framework", "value": "pytest"}, {"name": "language", "value": "cpython3"}, {"name": "package", "value": "EndtoEndTest"}]}