{"name": "test_5Pincode", "status": "failed", "statusDetails": {"message": "AssertionError", "trace": "self = <pages.PincodePage.PincodePageTest object at 0x0000020000FFB0D0>, locatorValue = 'Enter an Indian pincode', locatorType = 'text'\n\n    def getElement(self, locatorValue, locatorType=\"id\"):\n        element = None\n        try:\n            locatorType = locatorType.lower()\n>           element = self.waitForElement(locatorValue, locatorType)\n\n..\\base\\BasePage.py:53: \n_ _ _ _ _ _ _ _ _ _ _ _ _ _ _ _ _ _ _ _ _ _ _ _ _ _ _ _ _ _ _ _ _ _ _ _ _ _ _ _ _ _ _ _ _ _ _ _ _ _ _ _ _ _ _ _ _ _ _ _ _ _ _ _ _ _ _ _ _ _ _ _ _ _ _ _ _ \n\nself = <pages.PincodePage.PincodePageTest object at 0x0000020000FFB0D0>, locatorvalue = 'Enter an Indian pincode', locatorType = 'text'\n\n    def waitForElement(self, locatorvalue, locatorType):\n        locatorType = locatorType.lower()\n        element = None\n        wait = WebDriverWait(self.driver, 25, poll_frequency=1,\n                             ignored_exceptions=[ElementNotVisibleException, ElementNotSelectableException,\n                                                 NoSuchElementException])\n        if locatorType == \"id\":\n            element = wait.until(lambda x: x.find_element(AppiumBy.ID, locatorvalue))\n            return element\n        elif locatorType == \"class\":\n            element = wait.until(lambda x: x.find_element(AppiumBy.CLASS_NAME, locatorvalue))\n            return element\n        elif locatorType == \"des\":\n            element = wait.until(\n                lambda x: x.find_element(AppiumBy.ANDROID_UIAUTOMATOR,\n                                         'UiSelector().description(\"%s\")' % (locatorvalue)))\n            return element\n        elif locatorType == \"index\":\n            element = wait.until(\n                lambda x: x.find_element(AppiumBy.ANDROID_UIAUTOMATOR, \"UiSelector().index(%d)\" % int(locatorvalue)))\n            return element\n        elif locatorType == \"text\":\n>           element = wait.until(lambda x: x.find_element(AppiumBy.ANDROID_UIAUTOMATOR, 'text(\"%s\")' % locatorvalue))\n\n..\\base\\BasePage.py:39: \n_ _ _ _ _ _ _ _ _ _ _ _ _ _ _ _ _ _ _ _ _ _ _ _ _ _ _ _ _ _ _ _ _ _ _ _ _ _ _ _ _ _ _ _ _ _ _ _ _ _ _ _ _ _ _ _ _ _ _ _ _ _ _ _ _ _ _ _ _ _ _ _ _ _ _ _ _ \n\nself = <selenium.webdriver.support.wait.WebDriverWait (session=\"f43ce487-8862-4759-9fcf-26ee27cbadf9\")>\nmethod = <function BasePage.waitForElement.<locals>.<lambda> at 0x0000020000FEEC10>, message = ''\n\n    def until(self, method, message=''):\n        \"\"\"Calls the method provided with the driver as an argument until the \\\n        return value does not evaluate to ``False``.\n    \n        :param method: callable(WebDriver)\n        :param message: optional message for :exc:`TimeoutException`\n        :returns: the result of the last call to `method`\n        :raises: :exc:`selenium.common.exceptions.TimeoutException` if timeout occurs\n        \"\"\"\n        screen = None\n        stacktrace = None\n    \n        end_time = time.monotonic() + self._timeout\n        while True:\n            try:\n                value = method(self._driver)\n                if value:\n                    return value\n            except self._ignored_exceptions as exc:\n                screen = getattr(exc, 'screen', None)\n                stacktrace = getattr(exc, 'stacktrace', None)\n            time.sleep(self._poll)\n            if time.monotonic() > end_time:\n                break\n>       raise TimeoutException(message, screen, stacktrace)\nE       selenium.common.exceptions.TimeoutException: Message: \nE       Stacktrace:\nE       NoSuchElementError: An element could not be located on the page using the given search parameters.\nE           at AndroidUiautomator2Driver.findElOrEls (C:\\Program Files\\Appium Server GUI\\resources\\app\\node_modules\\appium\\node_modules\\appium-android-driver\\lib\\commands\\find.js:75:11)\nE           at processTicksAndRejections (internal/process/task_queues.js:85:5)\n\n..\\venv\\lib\\site-packages\\selenium\\webdriver\\support\\wait.py:87: TimeoutException\n\nDuring handling of the above exception, another exception occurred:\n\nself = <pages.PincodePage.PincodePageTest object at 0x0000020000FFB0D0>, locatorValue = 'Enter an Indian pincode', locatorType = 'text'\n\n    def clickElement(self, locatorValue, locatorType=\"id\"):\n        element = None\n        try:\n            locatorType = locatorType.lower()\n>           element = self.getElement(locatorValue, locatorType)\n\n..\\base\\BasePage.py:66: \n_ _ _ _ _ _ _ _ _ _ _ _ _ _ _ _ _ _ _ _ _ _ _ _ _ _ _ _ _ _ _ _ _ _ _ _ _ _ _ _ _ _ _ _ _ _ _ _ _ _ _ _ _ _ _ _ _ _ _ _ _ _ _ _ _ _ _ _ _ _ _ _ _ _ _ _ _ \n\nself = <pages.PincodePage.PincodePageTest object at 0x0000020000FFB0D0>, locatorValue = 'Enter an Indian pincode', locatorType = 'text'\n\n    def getElement(self, locatorValue, locatorType=\"id\"):\n        element = None\n        try:\n            locatorType = locatorType.lower()\n            element = self.waitForElement(locatorValue, locatorType)\n            self.log.info(\"Element found with LocatorType: \" + locatorType + \" with the locatorValue :\" + locatorValue)\n        except:\n            self.log.info(\n                \"Element not found with LocatorType: \" + locatorType + \" and with the locatorValue :\" + locatorValue)\n            self.takeScreenshot(locatorType)\n>           assert False\nE           AssertionError\n\n..\\base\\BasePage.py:59: AssertionError\n\nDuring handling of the above exception, another exception occurred:\n\nself = <tests.EndtoEndTest.EndtoEndTest testMethod=test_5Pincode>\n\n    @pytest.mark.run(order=5)\n    def test_5Pincode(self):\n>       self.pn.clickPincodeButton()\n\nEndtoEndTest.py:56: \n_ _ _ _ _ _ _ _ _ _ _ _ _ _ _ _ _ _ _ _ _ _ _ _ _ _ _ _ _ _ _ _ _ _ _ _ _ _ _ _ _ _ _ _ _ _ _ _ _ _ _ _ _ _ _ _ _ _ _ _ _ _ _ _ _ _ _ _ _ _ _ _ _ _ _ _ _ \n..\\pages\\PincodePage.py:17: in clickPincodeButton\n    self.clickElement(self._pincodeButton,\"text\")\n_ _ _ _ _ _ _ _ _ _ _ _ _ _ _ _ _ _ _ _ _ _ _ _ _ _ _ _ _ _ _ _ _ _ _ _ _ _ _ _ _ _ _ _ _ _ _ _ _ _ _ _ _ _ _ _ _ _ _ _ _ _ _ _ _ _ _ _ _ _ _ _ _ _ _ _ _ \n\nself = <pages.PincodePage.PincodePageTest object at 0x0000020000FFB0D0>, locatorValue = 'Enter an Indian pincode', locatorType = 'text'\n\n    def clickElement(self, locatorValue, locatorType=\"id\"):\n        element = None\n        try:\n            locatorType = locatorType.lower()\n            element = self.getElement(locatorValue, locatorType)\n            element.click()\n            self.log.info(\n                \"Clicked on Element with LocatorType: \" + locatorType + \" and with the locatorValue :\" + locatorValue)\n        except:\n            self.log.info(\n                \"Unable to click on Element with LocatorType: \" + locatorType + \" and with the locatorValue :\" + locatorValue)\n            self.takeScreenshot(locatorType)\n>           assert False\nE           AssertionError\n\n..\\base\\BasePage.py:74: AssertionError"}, "attachments": [{"name": "text", "source": "33d2f86f-dce0-46dd-8336-3bed258f572b-attachment.png", "type": "image/png"}, {"name": "text", "source": "e99e4892-6afc-4bc8-8a61-d1b71494d682-attachment.png", "type": "image/png"}, {"name": "log", "source": "1fed8951-fea2-4bb3-b36e-57797282e39e-attachment.txt", "type": "text/plain"}, {"name": "stdout", "source": "93cf402f-fdf8-4fa2-b846-db80c399ce40-attachment.txt", "type": "text/plain"}], "start": 1653736564227, "stop": 1653736598701, "uuid": "f77981e9-9e34-4a0a-8c64-9a2e288d99fb", "historyId": "f340bed773b158edfa90b3c2e812eac5", "testCaseId": "993f4efe34944809acf8ffd67fca22e7", "fullName": "EndtoEndTest.EndtoEndTest#test_5Pincode", "labels": [{"name": "tag", "value": "run(order=5)"}, {"name": "tag", "value": "@pytest.mark.usefixtures('beforeClass', 'beforeMethod')"}, {"name": "suite", "value": "EndtoEndTest"}, {"name": "subSuite", "value": "EndtoEndTest"}, {"name": "host", "value": "BTZVBK3"}, {"name": "thread", "value": "6056-MainThread"}, {"name": "framework", "value": "pytest"}, {"name": "language", "value": "cpython3"}, {"name": "package", "value": "EndtoEndTest"}]}